<?xml version="1.0" encoding="UTF-8"?>
<!-- Generated by org.testng.reporters.JUnitReportReporter -->
<testsuite hostname="TYSS-Vijay" failures="0" tests="4" name="Api_Test.test" time="6.674" errors="0" timestamp="2024-02-07T18:45:39 IST" skipped="0">
  <testcase classname="Api_Test.test" name="testPostUser" time="2.461"/>
  <system-out/>
  <testcase classname="Api_Test.test" name="testGetUserByName" time="1.064"/>
  <system-out/>
  <testcase classname="Api_Test.test" name="testUpdateUserByName" time="2.123"/>
  <system-out/>
  <testcase classname="Api_Test.test" name="deleleUserByName" time="1.026"/>
  <system-out/>
</testsuite> <!-- Api_Test.test -->
