<?xml version="1.0" encoding="UTF-8"?>
<!-- Generated by org.testng.reporters.JUnitReportReporter -->
<testsuite hostname="TYSS-Vijay" failures="0" tests="1" name="Api_Test.DataDrivenTest" time="0.000" errors="0" timestamp="2024-02-07T21:27:16 IST" skipped="1">
  <testcase classname="Api_Test.DataDrivenTest" name="testPostUser" time="0.000">
    <skipped/>
  </testcase> <!-- testPostUser -->
  <system-out/>
</testsuite> <!-- Api_Test.DataDrivenTest -->
